2025/10/13 21:16:45 GET /appointments
2025/10/13 21:19:34 GET /appointments
2025/10/13 21:24:28 GET /departments
2025/10/13 21:25:43 GET /departments
2025/10/13 21:27:09 GET /departments
2025/10/13 21:27:37 GET /departments
2025/10/13 21:28:01 GET /departments
2025/10/13 21:30:26 GET /departments
2025/10/13 21:30:27 GET /departments
2025/10/13 21:30:43 GET /departments
2025/10/13 21:30:50 GET /departments
2025/10/13 21:33:51 GET /appointments
2025/10/13 21:34:04 GET /departments
2025/10/13 21:34:06 GET /departments
2025/10/13 21:34:16 GET /departments
2025/10/13 21:34:19 GET /departments
2025/10/13 21:34:31 GET /departments
2025/10/13 21:34:34 GET /departments
2025/10/13 22:41:02 GET /departments
2025/10/14 00:36:49 GET /departments
2025/10/14 00:36:57 GET /departments
2025/10/14 00:37:00 GET /departments
2025/10/14 00:37:02 GET /departments
2025/10/14 00:37:05 GET /departments
2025/10/14 00:37:24 GET /departments
2025/10/14 00:37:32 GET /departments
2025/10/14 00:38:09 GET /departments
2025/10/14 00:38:11 GET /departments
2025/10/14 00:38:21 GET /departments
2025/10/14 00:39:09 GET /departments
2025/10/14 01:57:39 GET /appointments
2025/10/14 01:57:46 GET /doctors
2025/10/14 01:59:15 GET /doctors
2025/10/14 02:03:37 GET /appointments
2025/10/24 08:37:50 GET /appointments
2025/10/24 08:38:00 GET /hospitals
2025/10/24 08:39:04 GET /hospitals
2025/10/24 08:39:36 GET /hospitals
2025/10/24 08:40:37 GET /appointments
2025/10/24 08:40:40 GET /departments
2025/10/24 08:42:37 POST /departments
2025/10/24 08:43:35 GET /appointments
2025/10/24 08:43:38 GET /hospitals
2025/10/24 08:43:41 GET /departments
2025/10/24 08:43:44 GET /doctors
2025/10/24 08:43:47 GET /departments
2025/10/24 08:44:57 GET /appointments
2025/10/24 08:45:18 POST /appointments
2025/10/24 08:48:54 GET /doctors
2025/10/24 08:49:17 GET /doctors
2025/10/24 08:49:19 GET /doctors
2025/10/24 08:50:22 GET /doctors
2025/10/24 08:56:54 GET /appointments
2025/10/24 08:57:01 GET /hospitals
2025/10/24 08:57:41 GET /doctors
2025/10/24 09:00:00 GET /doctors
2025/10/24 09:00:45 GET /doctors
2025/10/24 09:01:05 GET /hospitals
2025/10/24 09:01:30 GET /appointments
2025/10/24 09:01:46 GET /doctors
2025/10/24 09:02:28 GET /doctors
2025/10/24 09:02:29 GET /doctors
2025/10/24 09:02:38 GET /doctors
2025/10/24 09:04:43 GET /doctors
2025/10/24 09:05:28 GET /doctors
2025/10/24 09:05:47 GET /doctors
2025/10/24 09:05:54 GET /doctors
2025/10/24 09:06:14 GET /doctors
2025/10/24 09:06:24 GET /doctors
2025/10/24 09:06:28 GET /doctors
2025/10/24 09:11:09 GET /appointments
2025/10/24 09:11:13 GET /appointments
2025/11/12 17:23:34 POST /login
2025/11/12 17:24:04 POST /login
2025/11/12 17:28:42 POST /login
2025/11/12 17:31:14 POST /login
2025/11/12 17:31:18 POST /login
2025/11/12 17:35:51 GET /hospitals
2025/11/12 17:39:31 GET /hospitals
2025/11/12 17:39:35 GET /appointments
2025/11/12 17:40:27 GET /doctors
2025/11/12 17:40:30 GET /doctors
2025/11/12 17:47:38 GET /staff
2025/11/12 17:47:55 POST /login
2025/11/12 17:49:15 GET /staff
2025/11/12 17:49:29 POST /login
2025/11/12 17:49:42 GET /staff
2025/11/12 17:50:01 GET /staff
2025/11/12 17:50:03 GET /staff
2025/11/12 17:52:06 POST /login
2025/11/12 17:52:18 GET /staff
2025/11/12 17:53:20 GET /staff
2025/11/12 17:55:22 POST /staff
2025/11/12 17:56:20 POST /login
2025/11/12 17:56:30 POST /staff
2025/11/12 17:57:07 POST /staff
